2018-12-08T08:10:19+00:00 DEBUG 
====Stripe Version: 4.1.13====
====Start Log====
Keys are not set correctly.
====End Log====


2018-12-08T08:10:30+00:00 DEBUG 
====Stripe Version: 4.1.13====
====Start Log====
Keys are not set correctly.
====End Log====


2018-12-08T08:12:14+00:00 DEBUG 
====Stripe Version: 4.1.13====
====Start Log====
Keys are not set correctly.
====End Log====


2018-12-08T08:12:23+00:00 DEBUG 
====Stripe Version: 4.1.13====
====Start Log====
Keys are not set correctly.
====End Log====


