2018-12-05T08:37:22+00:00 DEBUG 
====Stripe Version: 4.1.13====
====Start Log====
Keys are not set correctly.
====End Log====


2018-12-05T08:39:31+00:00 DEBUG 
====Stripe Version: 4.1.13====
====Start Log====
Keys are not set correctly.
====End Log====


2018-12-05T08:47:43+00:00 DEBUG 
====Stripe Version: 4.1.13====
====Start Log====
Keys are not set correctly.
====End Log====


2018-12-05T08:48:23+00:00 DEBUG 
====Stripe Version: 4.1.13====
====Start Log====
Keys are not set correctly.
====End Log====


2018-12-05T09:02:49+00:00 DEBUG 
====Stripe Version: 4.1.13====
====Start Log====
Keys are not set correctly.
====End Log====


2018-12-05T09:03:14+00:00 DEBUG 
====Stripe Version: 4.1.13====
====Start Log====
Keys are not set correctly.
====End Log====


