2018-12-03T15:09:16+00:00 DEBUG 
====Stripe Version: 4.1.13====
====Start Log====
Keys are not set correctly.
====End Log====


2018-12-03T15:11:22+00:00 DEBUG 
====Stripe Version: 4.1.13====
====Start Log====
Keys are not set correctly.
====End Log====


2018-12-03T15:16:06+00:00 DEBUG 
====Stripe Version: 4.1.13====
====Start Log====
Keys are not set correctly.
====End Log====


2018-12-03T15:19:18+00:00 DEBUG 
====Stripe Version: 4.1.13====
====Start Log====
Keys are not set correctly.
====End Log====


2018-12-03T15:20:29+00:00 DEBUG 
====Stripe Version: 4.1.13====
====Start Log====
Keys are not set correctly.
====End Log====


2018-12-03T15:21:47+00:00 DEBUG 
====Stripe Version: 4.1.13====
====Start Log====
Keys are not set correctly.
====End Log====


2018-12-03T15:26:40+00:00 DEBUG 
====Stripe Version: 4.1.13====
====Start Log====
Keys are not set correctly.
====End Log====


2018-12-03T15:26:56+00:00 DEBUG 
====Stripe Version: 4.1.13====
====Start Log====
Keys are not set correctly.
====End Log====


2018-12-03T15:32:35+00:00 DEBUG 
====Stripe Version: 4.1.13====
====Start Log====
Keys are not set correctly.
====End Log====


2018-12-03T15:35:39+00:00 DEBUG 
====Stripe Version: 4.1.13====
====Start Log====
Keys are not set correctly.
====End Log====


2018-12-03T15:37:04+00:00 DEBUG 
====Stripe Version: 4.1.13====
====Start Log====
Keys are not set correctly.
====End Log====


2018-12-03T15:38:55+00:00 DEBUG 
====Stripe Version: 4.1.13====
====Start Log====
Keys are not set correctly.
====End Log====


2018-12-03T15:39:32+00:00 DEBUG 
====Stripe Version: 4.1.13====
====Start Log====
Keys are not set correctly.
====End Log====


2018-12-03T15:39:53+00:00 DEBUG 
====Stripe Version: 4.1.13====
====Start Log====
Keys are not set correctly.
====End Log====


2018-12-03T15:42:08+00:00 DEBUG 
====Stripe Version: 4.1.13====
====Start Log====
Keys are not set correctly.
====End Log====


2018-12-03T15:45:00+00:00 DEBUG 
====Stripe Version: 4.1.13====
====Start Log====
Keys are not set correctly.
====End Log====


2018-12-03T15:45:12+00:00 DEBUG 
====Stripe Version: 4.1.13====
====Start Log====
Keys are not set correctly.
====End Log====


2018-12-03T15:49:08+00:00 DEBUG 
====Stripe Version: 4.1.13====
====Start Log====
Keys are not set correctly.
====End Log====


2018-12-03T15:49:44+00:00 DEBUG 
====Stripe Version: 4.1.13====
====Start Log====
Keys are not set correctly.
====End Log====


2018-12-03T15:50:05+00:00 DEBUG 
====Stripe Version: 4.1.13====
====Start Log====
Keys are not set correctly.
====End Log====


2018-12-03T15:50:06+00:00 DEBUG 
====Stripe Version: 4.1.13====
====Start Log====
Keys are not set correctly.
====End Log====


2018-12-03T15:53:09+00:00 DEBUG 
====Stripe Version: 4.1.13====
====Start Log====
Keys are not set correctly.
====End Log====


2018-12-03T15:53:21+00:00 DEBUG 
====Stripe Version: 4.1.13====
====Start Log====
Keys are not set correctly.
====End Log====


2018-12-03T15:54:09+00:00 DEBUG 
====Stripe Version: 4.1.13====
====Start Log====
Keys are not set correctly.
====End Log====


2018-12-03T15:58:21+00:00 DEBUG 
====Stripe Version: 4.1.13====
====Start Log====
Keys are not set correctly.
====End Log====


2018-12-03T15:59:44+00:00 DEBUG 
====Stripe Version: 4.1.13====
====Start Log====
Keys are not set correctly.
====End Log====


2018-12-03T16:02:48+00:00 DEBUG 
====Stripe Version: 4.1.13====
====Start Log====
Keys are not set correctly.
====End Log====


2018-12-03T16:03:24+00:00 DEBUG 
====Stripe Version: 4.1.13====
====Start Log====
Keys are not set correctly.
====End Log====


2018-12-03T16:03:55+00:00 DEBUG 
====Stripe Version: 4.1.13====
====Start Log====
Keys are not set correctly.
====End Log====


2018-12-03T16:04:13+00:00 DEBUG 
====Stripe Version: 4.1.13====
====Start Log====
Keys are not set correctly.
====End Log====


2018-12-03T16:04:42+00:00 DEBUG 
====Stripe Version: 4.1.13====
====Start Log====
Keys are not set correctly.
====End Log====


2018-12-03T16:05:48+00:00 DEBUG 
====Stripe Version: 4.1.13====
====Start Log====
Keys are not set correctly.
====End Log====


