2018-11-28T10:00:14+00:00 DEBUG 
====Stripe Version: 4.1.13====
====Start Log====
Keys are not set correctly.
====End Log====


2018-11-28T10:10:38+00:00 DEBUG 
====Stripe Version: 4.1.13====
====Start Log====
Keys are not set correctly.
====End Log====


2018-11-28T10:12:03+00:00 DEBUG 
====Stripe Version: 4.1.13====
====Start Log====
Keys are not set correctly.
====End Log====


2018-11-28T10:14:19+00:00 DEBUG 
====Stripe Version: 4.1.13====
====Start Log====
Keys are not set correctly.
====End Log====


2018-11-28T10:16:04+00:00 DEBUG 
====Stripe Version: 4.1.13====
====Start Log====
Keys are not set correctly.
====End Log====


2018-11-28T10:16:30+00:00 DEBUG 
====Stripe Version: 4.1.13====
====Start Log====
Keys are not set correctly.
====End Log====


2018-11-28T10:17:22+00:00 DEBUG 
====Stripe Version: 4.1.13====
====Start Log====
Keys are not set correctly.
====End Log====


2018-11-28T10:19:19+00:00 DEBUG 
====Stripe Version: 4.1.13====
====Start Log====
Keys are not set correctly.
====End Log====


2018-11-28T10:20:33+00:00 DEBUG 
====Stripe Version: 4.1.13====
====Start Log====
Keys are not set correctly.
====End Log====


2018-11-28T10:21:25+00:00 DEBUG 
====Stripe Version: 4.1.13====
====Start Log====
Keys are not set correctly.
====End Log====


2018-11-28T10:21:43+00:00 DEBUG 
====Stripe Version: 4.1.13====
====Start Log====
Keys are not set correctly.
====End Log====


2018-11-28T10:23:20+00:00 DEBUG 
====Stripe Version: 4.1.13====
====Start Log====
Keys are not set correctly.
====End Log====


2018-11-28T10:23:45+00:00 DEBUG 
====Stripe Version: 4.1.13====
====Start Log====
Keys are not set correctly.
====End Log====


2018-11-28T10:25:40+00:00 DEBUG 
====Stripe Version: 4.1.13====
====Start Log====
Keys are not set correctly.
====End Log====


2018-11-28T10:26:02+00:00 DEBUG 
====Stripe Version: 4.1.13====
====Start Log====
Keys are not set correctly.
====End Log====


2018-11-28T10:26:48+00:00 DEBUG 
====Stripe Version: 4.1.13====
====Start Log====
Keys are not set correctly.
====End Log====


2018-11-28T10:27:01+00:00 DEBUG 
====Stripe Version: 4.1.13====
====Start Log====
Keys are not set correctly.
====End Log====


2018-11-28T10:27:16+00:00 DEBUG 
====Stripe Version: 4.1.13====
====Start Log====
Keys are not set correctly.
====End Log====


2018-11-28T10:27:23+00:00 DEBUG 
====Stripe Version: 4.1.13====
====Start Log====
Keys are not set correctly.
====End Log====


2018-11-28T10:27:29+00:00 DEBUG 
====Stripe Version: 4.1.13====
====Start Log====
Keys are not set correctly.
====End Log====


2018-11-28T10:27:40+00:00 DEBUG 
====Stripe Version: 4.1.13====
====Start Log====
Keys are not set correctly.
====End Log====


2018-11-28T10:27:54+00:00 DEBUG 
====Stripe Version: 4.1.13====
====Start Log====
Keys are not set correctly.
====End Log====


2018-11-28T10:28:08+00:00 DEBUG 
====Stripe Version: 4.1.13====
====Start Log====
Keys are not set correctly.
====End Log====


2018-11-28T10:29:46+00:00 DEBUG 
====Stripe Version: 4.1.13====
====Start Log====
Keys are not set correctly.
====End Log====


2018-11-28T10:30:51+00:00 DEBUG 
====Stripe Version: 4.1.13====
====Start Log====
Keys are not set correctly.
====End Log====


2018-11-28T10:39:59+00:00 DEBUG 
====Stripe Version: 4.1.13====
====Start Log====
Keys are not set correctly.
====End Log====


2018-11-28T10:40:19+00:00 DEBUG 
====Stripe Version: 4.1.13====
====Start Log====
Keys are not set correctly.
====End Log====


2018-11-28T10:41:06+00:00 DEBUG 
====Stripe Version: 4.1.13====
====Start Log====
Keys are not set correctly.
====End Log====


2018-11-28T10:41:35+00:00 DEBUG 
====Stripe Version: 4.1.13====
====Start Log====
Keys are not set correctly.
====End Log====


2018-11-28T10:41:54+00:00 DEBUG 
====Stripe Version: 4.1.13====
====Start Log====
Keys are not set correctly.
====End Log====


